<?xml version="1.0" encoding="UTF-8"?>
<robot generator="Robot 7.4.2 (Python 3.13.3 on win32)" generated="2026-09-15T11:39:00.429358" rpa="false" schemaversion="5">
<suite id="s1" name="Ecommerce Tests" source="C:\CDU S2 2026\e-commerce-main\robot_tests\ecommerce_tests.robot">
<kw name="Open E-Commerce Website" owner="ecommerce_resources" type="SETUP">
<kw name="Open Browser" owner="SeleniumLibrary">
<msg time="2026-09-15T11:39:00.805037" level="INFO">Opening browser 'chrome' to base url 'http://127.0.0.1:8000'.</msg>
<arg>${BASE_URL}</arg>
<arg>${BROWSER}</arg>
<doc>Opens a new browser instance to the optional ``url``.</doc>
<status status="PASS" start="2026-09-15T11:39:00.804780" elapsed="0.799511"/>
</kw>
<kw name="Maximize Browser Window" owner="SeleniumLibrary">
<doc>Maximizes current browser window.</doc>
<status status="PASS" start="2026-09-15T11:39:01.604577" elapsed="0.033994"/>
</kw>
<kw name="Set Selenium Timeout" owner="SeleniumLibrary">
<arg>10 seconds</arg>
<doc>Sets the timeout that is used by various keywords.</doc>
<status status="PASS" start="2026-09-15T11:39:01.638767" elapsed="0.001077"/>
</kw>
<kw name="Get Current Date" owner="DateTime">
<msg time="2026-09-15T11:39:01.640284" level="INFO">${stamp} = 20260915113901</msg>
<var>${stamp}</var>
<arg>result_format=%Y%m%d%H%M%S</arg>
<doc>Returns current local or UTC time with an optional increment.</doc>
<status status="PASS" start="2026-09-15T11:39:01.640006" elapsed="0.000310"/>
</kw>
<kw name="Set Variable" owner="BuiltIn">
<msg time="2026-09-15T11:39:01.640650" level="INFO">${email} = robot20260915113901@example.com</msg>
<var>${email}</var>
<arg>robot${stamp}@example.com</arg>
<doc>Returns the given values which can then be assigned to a variables.</doc>
<status status="PASS" start="2026-09-15T11:39:01.640398" elapsed="0.000271"/>
</kw>
<kw name="Set Suite Variable" owner="BuiltIn">
<msg time="2026-09-15T11:39:01.641228" level="INFO">${TEST_EMAIL} = robot20260915113901@example.com</msg>
<arg>${TEST_EMAIL}</arg>
<arg>${email}</arg>
<doc>Makes a variable available everywhere within the scope of the current suite.</doc>
<status status="PASS" start="2026-09-15T11:39:01.640763" elapsed="0.000543"/>
</kw>
<status status="PASS" start="2026-09-15T11:39:00.804176" elapsed="0.837215"/>
</kw>
<test id="s1-t1" name="TC_SEARCH_02 - Search Non-Existent Product" line="107">
<kw name="Go To" owner="SeleniumLibrary">
<msg time="2026-09-15T11:39:01.644007" level="INFO">Opening url 'http://127.0.0.1:8000/search/'</msg>
<arg>${BASE_URL}/search/</arg>
<doc>Navigates the current browser window to the provided ``url``.</doc>
<status status="PASS" start="2026-09-15T11:39:01.643719" elapsed="0.049466"/>
</kw>
<kw name="Input Text" owner="SeleniumLibrary">
<msg time="2026-09-15T11:39:01.696509" level="INFO">Typing text 'RobotProductDoesNotExist999' into text field 'name=q'.</msg>
<arg>name=q</arg>
<arg>RobotProductDoesNotExist999</arg>
<doc>Types the given ``text`` into the text field identified by ``locator``.</doc>
<status status="PASS" start="2026-09-15T11:39:01.696103" elapsed="0.153059"/>
</kw>
<kw name="Click Button" owner="SeleniumLibrary">
<msg time="2026-09-15T11:39:01.849842" level="INFO">Clicking button 'Search'.</msg>
<arg>Search</arg>
<doc>Clicks the button identified by ``locator``.</doc>
<status status="PASS" start="2026-09-15T11:39:01.849586" elapsed="0.057448"/>
</kw>
<kw name="Page Should Contain" owner="SeleniumLibrary">
<msg time="2026-09-15T11:39:01.963461" level="INFO">Current page contains text 'Results for'.</msg>
<arg>Results for</arg>
<doc>Verifies that current page contains ``text``.</doc>
<status status="PASS" start="2026-09-15T11:39:01.907413" elapsed="0.056247"/>
</kw>
<kw name="Page Should Contain" owner="SeleniumLibrary">
<msg time="2026-09-15T11:39:01.972369" level="INFO">Current page contains text 'RobotProductDoesNotExist999'.</msg>
<arg>RobotProductDoesNotExist999</arg>
<doc>Verifies that current page contains ``text``.</doc>
<status status="PASS" start="2026-09-15T11:39:01.964209" elapsed="0.008248"/>
</kw>
<doc>Verify search handles a product that does not exist.</doc>
<status status="PASS" start="2026-09-15T11:39:01.641467" elapsed="0.331373"/>
</test>
<kw name="Close All Browsers" owner="SeleniumLibrary" type="TEARDOWN">
<doc>Closes all open browsers and resets the browser cache.</doc>
<status status="PASS" start="2026-09-15T11:39:01.973727" elapsed="2.256019"/>
</kw>
<doc>Automated Functional Testing for E-Commerce System</doc>
<status status="PASS" start="2026-09-15T11:39:00.430799" elapsed="3.799038"/>
</suite>
<statistics>
<total>
<stat pass="1" fail="0" skip="0">All Tests</stat>
</total>
<tag>
</tag>
<suite>
<stat name="Ecommerce Tests" id="s1" pass="1" fail="0" skip="0">Ecommerce Tests</stat>
</suite>
</statistics>
<errors>
</errors>
</robot>
